2025-04-21 18:27:35,546 INFO  utils.LoggerHandler - Verified 'Categories'
2025-04-21 18:27:36,846 ERROR utils.LoggerHandler - 
2025-04-21 18:27:41,940 ERROR utils.LoggerHandler - no such element: Unable to locate element: {"method":"css selector","selector":"h1.css-c0pzm0"}
  (Session info: chrome=135.0.7049.84)
For documentation on this error, please visit: https://www.selenium.dev/documentation/webdriver/troubleshooting/errors#no-such-element-exception
Build info: version: '4.15.0', revision: '1d14b5521b'
System info: os.name: 'Linux', os.arch: 'amd64', os.version: '6.1.123+', java.version: '11.0.26'
Driver info: org.openqa.selenium.remote.RemoteWebDriver
Command: [cdcdd0471a8354412d339bedbb9e4b37, findElement {using=css selector, value=h1.css-c0pzm0}]
Capabilities {acceptInsecureCerts: false, browserName: chrome, browserVersion: 135.0.7049.84, chrome: {chromedriverVersion: 135.0.7049.84 (6c019e560019..., userDataDir: /tmp/.org.chromium.Chromium...}, fedcm:accounts: true, goog:chromeOptions: {debuggerAddress: localhost:37699}, networkConnectionEnabled: false, pageLoadStrategy: normal, platformName: linux, proxy: Proxy(), se:bidiEnabled: false, se:cdp: ws://10.80.122.5:4444/sessi..., se:cdpVersion: 135.0.7049.84, se:containerName: efcbadbddefbbefdcbecddfbbd-0, se:noVncPort: 7900, se:vnc: ws://10.80.122.5:4444/sessi..., se:vncEnabled: true, se:vncLocalAddress: ws://10.80.122.5:7900, setWindowRect: true, strictFileInteractability: false, timeouts: {implicit: 0, pageLoad: 300000, script: 30000}, unhandledPromptBehavior: dismiss and notify, webauthn:extension:credBlob: true, webauthn:extension:largeBlob: true, webauthn:extension:minPinLength: true, webauthn:extension:prf: true, webauthn:virtualAuthenticators: true}
Session ID: cdcdd0471a8354412d339bedbb9e4b37
2025-04-21 18:27:57,045 INFO  utils.LoggerHandler - Clicked on Pencil
2025-04-21 18:27:57,114 INFO  utils.LoggerHandler - Hovered on Fragrance
2025-04-21 18:28:07,676 INFO  utils.LoggerHandler - Clicked on New Launches
2025-04-21 18:28:17,766 INFO  utils.LoggerHandler - Clicked on first product
2025-04-21 18:28:27,850 INFO  utils.LoggerHandler - Clicked on add to bag
2025-04-21 18:28:42,999 INFO  utils.LoggerHandler - Clicked on how to use
2025-04-21 18:28:48,069 ERROR utils.LoggerHandler - no such element: Unable to locate element: {"method":"css selector","selector":".css-zpu9mn .css-1jg8woj"}
  (Session info: chrome=135.0.7049.84)
For documentation on this error, please visit: https://www.selenium.dev/documentation/webdriver/troubleshooting/errors#no-such-element-exception
Build info: version: '4.15.0', revision: '1d14b5521b'
System info: os.name: 'Linux', os.arch: 'amd64', os.version: '6.1.123+', java.version: '11.0.26'
Driver info: org.openqa.selenium.remote.RemoteWebDriver
Command: [cdcdd0471a8354412d339bedbb9e4b37, findElement {using=css selector, value=.css-zpu9mn .css-1jg8woj}]
Capabilities {acceptInsecureCerts: false, browserName: chrome, browserVersion: 135.0.7049.84, chrome: {chromedriverVersion: 135.0.7049.84 (6c019e560019..., userDataDir: /tmp/.org.chromium.Chromium...}, fedcm:accounts: true, goog:chromeOptions: {debuggerAddress: localhost:37699}, networkConnectionEnabled: false, pageLoadStrategy: normal, platformName: linux, proxy: Proxy(), se:bidiEnabled: false, se:cdp: ws://10.80.122.5:4444/sessi..., se:cdpVersion: 135.0.7049.84, se:containerName: efcbadbddefbbefdcbecddfbbd-0, se:noVncPort: 7900, se:vnc: ws://10.80.122.5:4444/sessi..., se:vncEnabled: true, se:vncLocalAddress: ws://10.80.122.5:7900, setWindowRect: true, strictFileInteractability: false, timeouts: {implicit: 0, pageLoad: 300000, script: 30000}, unhandledPromptBehavior: dismiss and notify, webauthn:extension:credBlob: true, webauthn:extension:largeBlob: true, webauthn:extension:minPinLength: true, webauthn:extension:prf: true, webauthn:virtualAuthenticators: true}
Session ID: cdcdd0471a8354412d339bedbb9e4b37
2025-04-21 18:28:52,065 INFO  utils.LoggerHandler - Clicked and Switched to Get App Tab
2025-04-21 18:28:53,738 INFO  utils.LoggerHandler - Verified 'Beauty to go'
2025-04-21 18:28:54,016 INFO  utils.LoggerHandler - Entered mobile number.
2025-04-21 18:28:54,449 INFO  utils.LoggerHandler - Clicked and switched tab to Terms and Conditions
2025-04-21 18:28:55,515 INFO  utils.LoggerHandler - Verified 'Terms & Conditions'
2025-04-21 18:28:55,623 INFO  utils.LoggerHandler - Clicked to Shipping Policy.
2025-04-21 18:28:55,733 INFO  utils.LoggerHandler - Verified 'How does the delivery process work?'
2025-04-21 18:28:55,823 INFO  utils.LoggerHandler - Clicked to Privacy Policy.
2025-04-21 18:28:55,939 INFO  utils.LoggerHandler - Verified 'Privacy Policy'
2025-04-21 18:29:11,144 INFO  utils.LoggerHandler - Clicked and switched tab to Offer Zone
2025-04-21 18:29:11,161 ERROR utils.LoggerHandler - expected [https://www.nykaa.com/sp/offers-native/offers?utm_source=Desktop_web_footer] but found [https://www.nykaa.com/policy/lp#terms-conditions]
