2025-04-21 18:25:34,541 INFO  utils.LoggerHandler - Verified 'Categories'
2025-04-21 18:25:35,640 ERROR utils.LoggerHandler - 
2025-04-21 18:25:40,713 ERROR utils.LoggerHandler - no such element: Unable to locate element: {"method":"css selector","selector":"h1.css-c0pzm0"}
  (Session info: chrome=135.0.7049.84)
For documentation on this error, please visit: https://www.selenium.dev/documentation/webdriver/troubleshooting/errors#no-such-element-exception
Build info: version: '4.15.0', revision: '1d14b5521b'
System info: os.name: 'Linux', os.arch: 'amd64', os.version: '6.1.123+', java.version: '11.0.26'
Driver info: org.openqa.selenium.remote.RemoteWebDriver
Command: [c8aafb0c1109e0d96520175d063fc728, findElement {using=css selector, value=h1.css-c0pzm0}]
Capabilities {acceptInsecureCerts: false, browserName: chrome, browserVersion: 135.0.7049.84, chrome: {chromedriverVersion: 135.0.7049.84 (6c019e560019..., userDataDir: /tmp/.org.chromium.Chromium...}, fedcm:accounts: true, goog:chromeOptions: {debuggerAddress: localhost:36969}, networkConnectionEnabled: false, pageLoadStrategy: normal, platformName: linux, proxy: Proxy(), se:bidiEnabled: false, se:cdp: ws://10.80.122.5:4444/sessi..., se:cdpVersion: 135.0.7049.84, se:containerName: efcbadbddefbbefdcbecddfbbd-0, se:noVncPort: 7900, se:vnc: ws://10.80.122.5:4444/sessi..., se:vncEnabled: true, se:vncLocalAddress: ws://10.80.122.5:7900, setWindowRect: true, strictFileInteractability: false, timeouts: {implicit: 0, pageLoad: 300000, script: 30000}, unhandledPromptBehavior: dismiss and notify, webauthn:extension:credBlob: true, webauthn:extension:largeBlob: true, webauthn:extension:minPinLength: true, webauthn:extension:prf: true, webauthn:virtualAuthenticators: true}
Session ID: c8aafb0c1109e0d96520175d063fc728
2025-04-21 18:25:55,838 INFO  utils.LoggerHandler - Clicked on Pencil
2025-04-21 18:25:55,899 INFO  utils.LoggerHandler - Hovered on Fragrance
2025-04-21 18:26:06,449 INFO  utils.LoggerHandler - Clicked on New Launches
2025-04-21 18:26:16,528 INFO  utils.LoggerHandler - Clicked on first product
2025-04-21 18:26:26,616 INFO  utils.LoggerHandler - Clicked on add to bag
2025-04-21 18:26:41,706 INFO  utils.LoggerHandler - Clicked on how to use
2025-04-21 18:26:46,753 ERROR utils.LoggerHandler - no such element: Unable to locate element: {"method":"css selector","selector":".css-zpu9mn .css-1jg8woj"}
  (Session info: chrome=135.0.7049.84)
For documentation on this error, please visit: https://www.selenium.dev/documentation/webdriver/troubleshooting/errors#no-such-element-exception
Build info: version: '4.15.0', revision: '1d14b5521b'
System info: os.name: 'Linux', os.arch: 'amd64', os.version: '6.1.123+', java.version: '11.0.26'
Driver info: org.openqa.selenium.remote.RemoteWebDriver
Command: [c8aafb0c1109e0d96520175d063fc728, findElement {using=css selector, value=.css-zpu9mn .css-1jg8woj}]
Capabilities {acceptInsecureCerts: false, browserName: chrome, browserVersion: 135.0.7049.84, chrome: {chromedriverVersion: 135.0.7049.84 (6c019e560019..., userDataDir: /tmp/.org.chromium.Chromium...}, fedcm:accounts: true, goog:chromeOptions: {debuggerAddress: localhost:36969}, networkConnectionEnabled: false, pageLoadStrategy: normal, platformName: linux, proxy: Proxy(), se:bidiEnabled: false, se:cdp: ws://10.80.122.5:4444/sessi..., se:cdpVersion: 135.0.7049.84, se:containerName: efcbadbddefbbefdcbecddfbbd-0, se:noVncPort: 7900, se:vnc: ws://10.80.122.5:4444/sessi..., se:vncEnabled: true, se:vncLocalAddress: ws://10.80.122.5:7900, setWindowRect: true, strictFileInteractability: false, timeouts: {implicit: 0, pageLoad: 300000, script: 30000}, unhandledPromptBehavior: dismiss and notify, webauthn:extension:credBlob: true, webauthn:extension:largeBlob: true, webauthn:extension:minPinLength: true, webauthn:extension:prf: true, webauthn:virtualAuthenticators: true}
Session ID: c8aafb0c1109e0d96520175d063fc728
2025-04-21 18:26:50,327 INFO  utils.LoggerHandler - Clicked and Switched to Get App Tab
2025-04-21 18:26:53,345 INFO  utils.LoggerHandler - Verified 'Beauty to go'
2025-04-21 18:26:53,685 INFO  utils.LoggerHandler - Entered mobile number.
2025-04-21 18:26:54,123 INFO  utils.LoggerHandler - Clicked and switched tab to Terms and Conditions
2025-04-21 18:26:55,267 INFO  utils.LoggerHandler - Verified 'Terms & Conditions'
2025-04-21 18:26:55,406 INFO  utils.LoggerHandler - Clicked to Shipping Policy.
2025-04-21 18:26:55,481 INFO  utils.LoggerHandler - Verified 'How does the delivery process work?'
2025-04-21 18:26:55,540 INFO  utils.LoggerHandler - Clicked to Privacy Policy.
2025-04-21 18:26:55,616 INFO  utils.LoggerHandler - Verified 'Privacy Policy'
2025-04-21 18:27:10,868 INFO  utils.LoggerHandler - Clicked and switched tab to Offer Zone
2025-04-21 18:27:10,930 ERROR utils.LoggerHandler - expected [https://www.nykaa.com/sp/offers-native/offers?utm_source=Desktop_web_footer] but found [https://www.nykaa.com/policy/lp#terms-conditions]
